14:20:51.395043  pread             F=3    B=0x710      O=0x07100045670c                                                                                                                                                       0.000035   java.12469220
14:20:51.396677  write             F=1    B=0x21                                                                                                                                                                              0.000059   java.12469220
14:20:51.397022  stat64                 [  2]           /Users/maxi/Hashgraph/code/0/hedera-services/platform-sdk/swirlds-platform-core/build/classes/java/testFixtures/org>>>>>                                              0.000128   java.12469220
14:20:51.397075  stat64                 [  2]           /Users/maxi/Hashgraph/code/0/hedera-services/platform-sdk/swirlds-platform-core/build/resources/testFixtures/org>>>>>>>>                                              0.000022   java.12469220
14:20:51.397209  lseek             F=14   O=0x00004ed9         <SEEK_SET>                                                                                                                                                     0.000007   java.12469220
14:20:51.397313  read              F=14   B=0x1e                                                                                                                                                                              0.000100   java.12469220
14:20:51.397329  lseek             F=14   O=0x00004f2c         <SEEK_SET>                                                                                                                                                     0.000007   java.12469220
14:20:51.397343  read              F=14   B=0x1f7                                                                                                                                                                             0.000012   java.12469220
14:20:51.399406  stat64                 [  2]           /Users/maxi/Hashgraph/code/0/hedera-services/platform-sdk/swirlds-platform-core/build/classes/java/testFixtures/com/hedera>>>>>>>>>>>>>>>>>>>>>>>>>>>>>>              0.000037   java.12469220
14:20:51.399440  stat64                 [  2]           /Users/maxi/Hashgraph/code/0/hedera-services/platform-sdk/swirlds-platform-core/build/resources/testFixtures/com/hedera>                                              0.000017   java.12469220
14:20:51.399609  lseek             F=25   O=0x004f1b25         <SEEK_SET>                                                                                                                                                     0.000006   java.12469220
14:20:51.399695  read              F=25   B=0x1e                                                                                                                                                                              0.000085   java.12469220
14:20:51.399704  lseek             F=25   O=0x004f1b80         <SEEK_SET>                                                                                                                                                     0.000005   java.12469220
14:20:51.399715  read              F=25   B=0x2dd                                                                                                                                                                             0.000010   java.12469220
14:20:51.400497  stat64                 [  2]           /Users/maxi/Hashgraph/code/0/hedera-services/platform-sdk/swirlds-platform-core/build/classes/java/testFixtures/com/hedera>>>>>>>>>>>>>>>>>>>>>>>>>>>>>>              0.000034   java.12469220
14:20:51.400552  stat64                 [  2]           /Users/maxi/Hashgraph/code/0/hedera-services/platform-sdk/swirlds-platform-core/build/resources/testFixtures/com/hedera>                                              0.000019   java.12469220
14:20:51.400617  lseek             F=25   O=0x004f108b         <SEEK_SET>                                                                                                                                                     0.000008   java.12469220
14:20:51.400636  read              F=25   B=0x1e                                                                                                                                                                              0.000017   java.12469220
14:20:51.400639  lseek             F=25   O=0x004f10e4         <SEEK_SET>                                                                                                                                                     0.000001   java.12469220
14:20:51.400643  read              F=25   B=0x350                                                                                                                                                                             0.000003   java.12469220
14:20:51.400999  stat64                 [  2]           /Users/maxi/Hashgraph/code/0/hedera-services/platform-sdk/swirlds-platform-core/build/classes/java/testFixtures/com/hedera>>>>>>>>>>>>>>>>>>>>>>>>>>>>>>              0.000027   java.12469220
14:20:51.401017  stat64                 [  2]           /Users/maxi/Hashgraph/code/0/hedera-services/platform-sdk/swirlds-platform-core/build/resources/testFixtures/com/hedera>                                              0.000011   java.12469220
14:20:51.401100  lseek             F=25   O=0x00235e91         <SEEK_SET>                                                                                                                                                     0.000005   java.12469220
14:20:51.401119  read              F=25   B=0x1e                                                                                                                                                                              0.000018   java.12469220
14:20:51.401121  lseek             F=25   O=0x00235ee5         <SEEK_SET>                                                                                                                                                     0.000001   java.12469220
14:20:51.401125  read              F=25   B=0x28a                                                                                                                                                                             0.000004   java.12469220
14:20:51.401444  stat64                 [  2]           /Users/maxi/Hashgraph/code/0/hedera-services/platform-sdk/swirlds-platform-core/build/classes/java/testFixtures/com/hedera>>>>>>>>>>>>>>>>>>>>>>>>>>>>>>              0.000023   java.12469220
14:20:51.401459  stat64                 [  2]           /Users/maxi/Hashgraph/code/0/hedera-services/platform-sdk/swirlds-platform-core/build/resources/testFixtures/com/hedera>                                              0.000008   java.12469220
14:20:51.401498  lseek             F=25   O=0x004f1434         <SEEK_SET>                                                                                                                                                     0.000005   java.12469220
14:20:51.401516  read              F=25   B=0x1e                                                                                                                                                                              0.000016   java.12469220
14:20:51.401519  lseek             F=25   O=0x004f1493         <SEEK_SET>                                                                                                                                                     0.000001   java.12469220
14:20:51.401522  read              F=25   B=0x31a                                                                                                                                                                             0.000003   java.12469220
14:20:51.401745  stat64                 [  2]           /Users/maxi/Hashgraph/code/0/hedera-services/platform-sdk/swirlds-platform-core/build/classes/java/testFixtures/com/hedera>>>>>>>>>>>>>>>>>>>>>>>>>>>>>>              0.000023   java.12469220
14:20:51.401762  stat64                 [  2]           /Users/maxi/Hashgraph/code/0/hedera-services/platform-sdk/swirlds-platform-core/build/resources/testFixtures/com/hedera>                                              0.000010   java.12469220
14:20:51.401822  lseek             F=25   O=0x0023392f         <SEEK_SET>                                                                                                                                                     0.000005   java.12469220
14:20:51.401838  read              F=25   B=0x1e                                                                                                                                                                              0.000015   java.12469220
14:20:51.401840  lseek             F=25   O=0x00233989         <SEEK_SET>                                                                                                                                                     0.000001   java.12469220
14:20:51.401845  read              F=25   B=0x312                                                                                                                                                                             0.000004   java.12469220
14:20:51.403066  write             F=85   B=0x3df                                                                                                                                                                             0.000114   java.12469220
14:20:51.403699  write             F=1    B=0x20                                                                                                                                                                              0.000017   java.12469220
14:20:51.405369    WrData[A]       D=0x057857e7  B=0x1000   /dev/disk3s5  rs/kd/lkbjd8ln2rb3z2vywqjdvm5r0000gp/T/PcesWriterBenchmark15761798495074596759/2027/03/02/2027-03-02T20+39+15.854Z_seq1_ming0_maxg100_orgn0.pces    0.000181 W java.12469220
14:20:51.412691  fcntl             F=85  <FULLFSYNC>                                                                                                                                                                          0.007611   java.12469220
14:20:51.414483  pread             F=3    B=0xa89      O=0x0a890027f434                                                                                                                                                       0.000024   java.12469220
14:20:51.415338  write             F=1    B=0x10                                                                                                                                                                              0.000006   java.12469220
14:20:51.415423  write             F=1    B=0x28                                                                                                                                                                              0.000001   java.12469220
